<?xml version="1.0" encoding="UTF-8"?>
<!-- Generated by org.testng.reporters.JUnitXMLReporter -->
<testsuite ignored="0" hostname="DESKTOP-0JNBMD6" failures="0" tests="6" name="Command line test" time="165.782" errors="0" timestamp="2023-04-04T18:16:54 YEKT">
  <testcase classname="oper_test.test.RedirectionLinksTest" name="switchRutubeLink" time="32.47"/>
  <testcase classname="oper_test.test.RedirectionLinksTest" name="switchTelegramLink" time="23.039"/>
  <testcase classname="oper_test.test.RedirectionLinksTest" name="switchVkontakteLink" time="48.993"/>
  <testcase classname="oper_test.test.SiteAccessTest" name="requestSiteAvailability" time="0.305"/>
  <testcase classname="oper_test.test.SiteSearchTest" name="enterEmptyQuery" time="6.608"/>
  <testcase classname="oper_test.test.SiteSearchTest" name="getCountSearchResults" time="47.392"/>
</testsuite> <!-- Command line test -->
