<?xml version="1.0" encoding="UTF-8"?>
<!-- Generated by org.testng.reporters.JUnitXMLReporter -->
<testsuite ignored="0" hostname="DESKTOP-0JNBMD6" failures="0" tests="5" name="Command line test" time="96.891" errors="0" timestamp="2023-04-04T14:23:35 YEKT">
  <testcase classname="oper_test.test.RedirectionLinksTest" name="switchTelegramLink" time="10.843"/>
  <testcase classname="oper_test.test.RedirectionLinksTest" name="switchVkontakteLink" time="18.689"/>
  <testcase classname="oper_test.test.SiteAccessTest" name="requestSiteAvailability" time="0.251"/>
  <testcase classname="oper_test.test.SiteSearchTest" name="enterEmptyQuery" time="14.049"/>
  <testcase classname="oper_test.test.SiteSearchTest" name="getCountSearchResults" time="38.015"/>
</testsuite> <!-- Command line test -->
