<?xml version="1.0" encoding="UTF-8"?>
<!-- Generated by org.testng.reporters.JUnitXMLReporter -->
<testsuite ignored="0" hostname="DESKTOP-0JNBMD6" failures="0" tests="13" name="All tests" time="317.51" errors="0" timestamp="2023-04-08T19:11:11 YEKT">
  <testcase classname="oper_test.test.RedirectionLinksTest" name="switchAppleLink" time="7.986"/>
  <testcase classname="oper_test.test.RedirectionLinksTest" name="switchAudioversionLink" time="24.968"/>
  <testcase classname="oper_test.test.RedirectionLinksTest" name="switchDzenLink" time="40.683"/>
  <testcase classname="oper_test.test.RedirectionLinksTest" name="switchOpershopHeaderLink" time="3.81"/>
  <testcase classname="oper_test.test.RedirectionLinksTest" name="switchOpershopLeftbarLink" time="33.023"/>
  <testcase classname="oper_test.test.RedirectionLinksTest" name="switchRutubeLink" time="6.59"/>
  <testcase classname="oper_test.test.RedirectionLinksTest" name="switchSponsrLink" time="35.73"/>
  <testcase classname="oper_test.test.RedirectionLinksTest" name="switchTelegramLink" time="4.578"/>
  <testcase classname="oper_test.test.RedirectionLinksTest" name="switchVkontakteLink" time="44.125"/>
  <testcase classname="oper_test.test.RedirectionLinksTest" name="switchWinkLink" time="8.226"/>
  <testcase classname="oper_test.test.SiteAccessTest" name="requestSiteAvailability" time="0.245"/>
  <testcase classname="oper_test.test.SiteSearchTest" name="enterEmptyQuery" time="61.603"/>
  <testcase classname="oper_test.test.SiteSearchTest" name="getCountSearchResults" time="31.418"/>
</testsuite> <!-- All tests -->
