<?xml version="1.0" encoding="UTF-8"?>
<testng-results ignored="0" total="1" passed="1" failed="0" skipped="0">
  <reporter-output>
  </reporter-output>
  <suite started-at="2023-04-03T21:01:46 YEKT" name="oper_test.test.SiteSearchTest" finished-at="2023-04-03T21:02:14 YEKT" duration-ms="28751">
    <groups>
    </groups>
    <test started-at="2023-04-03T21:01:46 YEKT" name="Command line test" finished-at="2023-04-03T21:02:14 YEKT" duration-ms="28751">
      <class name="oper_test.test.SiteSearchTest">
        <test-method is-config="true" signature="browserSetup()[pri:0, instance:oper_test.test.SiteSearchTest@55040f2f]" started-at="2023-04-03T21:01:46 YEKT" name="browserSetup" finished-at="2023-04-03T21:01:50 YEKT" duration-ms="4105" status="PASS">
          <reporter-output>
          </reporter-output>
        </test-method> <!-- browserSetup -->
        <test-method signature="enterEmptyQuery()[pri:0, instance:oper_test.test.SiteSearchTest@55040f2f]" started-at="2023-04-03T21:01:50 YEKT" name="enterEmptyQuery" finished-at="2023-04-03T21:02:14 YEKT" duration-ms="24324" status="PASS">
          <reporter-output>
          </reporter-output>
        </test-method> <!-- enterEmptyQuery -->
        <test-method is-config="true" signature="browserClosed()[pri:0, instance:oper_test.test.SiteSearchTest@55040f2f]" started-at="2023-04-03T21:02:14 YEKT" name="browserClosed" finished-at="2023-04-03T21:02:14 YEKT" duration-ms="286" status="PASS">
          <reporter-output>
          </reporter-output>
        </test-method> <!-- browserClosed -->
      </class> <!-- oper_test.test.SiteSearchTest -->
    </test> <!-- Command line test -->
  </suite> <!-- oper_test.test.SiteSearchTest -->
</testng-results>
