<?xml version="1.0" encoding="UTF-8" ?>
<testsuite tests="1" failures="1" name="TestSuite" time="35.523" errors="0" skipped="0">
  <properties>
[...]
</properties>
  <testcase classname="oper_test.test.SiteSearchTest" name="enterEmptyQuery" time="35.523">
    <failure message="no such window: target window already closed
from unknown error: web view not found
  (Session info: MicrosoftEdge=111.0.1661.62)
Build info: version: &apos;4.8.3&apos;, revision: &apos;e5e76298c3&apos;
System info: os.name: &apos;Windows 10&apos;, os.arch: &apos;amd64&apos;, os.version: &apos;10.0&apos;, java.version: &apos;17.0.1&apos;
Driver info: org.openqa.selenium.edge.EdgeDriver
Command: [b9f686c10d3a3150ade594dc36d9c3ac, findElement {using=xpath, value=//input[@placeholder=&apos;поиск по сайту&apos;]}]
Capabilities {acceptInsecureCerts: false, browserName: msedge, browserVersion: 111.0.1661.62, ms:edgeOptions: {debuggerAddress: localhost:59624}, msedge: {msedgedriverVersion: 111.0.1661.62 (0a8f453929e6..., userDataDir: C:\Users\Hocorend\AppData\L...}, networkConnectionEnabled: false, pageLoadStrategy: normal, platformName: WINDOWS, proxy: Proxy(), se:cdp: ws://localhost:59624/devtoo..., se:cdpVersion: 111.0.1661.62, setWindowRect: true, strictFileInteractability: false, timeouts: {implicit: 0, pageLoad: 300000, script: 30000}, unhandledPromptBehavior: dismiss and notify, webauthn:extension:credBlob: true, webauthn:extension:largeBlob: true, webauthn:extension:minPinLength: true, webauthn:extension:prf: true, webauthn:virtualAuthenticators: true}
Session ID: b9f686c10d3a3150ade594dc36d9c3ac" type="org.openqa.selenium.NoSuchWindowException">org.openqa.selenium.NoSuchWindowException: no such window: target window already closed
from unknown error: web view not found
  (Session info: MicrosoftEdge=111.0.1661.62)
Build info: version: &apos;4.8.3&apos;, revision: &apos;e5e76298c3&apos;
System info: os.name: &apos;Windows 10&apos;, os.arch: &apos;amd64&apos;, os.version: &apos;10.0&apos;, java.version: &apos;17.0.1&apos;
Driver info: org.openqa.selenium.edge.EdgeDriver
Command: [b9f686c10d3a3150ade594dc36d9c3ac, findElement {using=xpath, value=//input[@placeholder=&apos;поиск по сайту&apos;]}]
Capabilities {acceptInsecureCerts: false, browserName: msedge, browserVersion: 111.0.1661.62, ms:edgeOptions: {debuggerAddress: localhost:59624}, msedge: {msedgedriverVersion: 111.0.1661.62 (0a8f453929e6..., userDataDir: C:\Users\Hocorend\AppData\L...}, networkConnectionEnabled: false, pageLoadStrategy: normal, platformName: WINDOWS, proxy: Proxy(), se:cdp: ws://localhost:59624/devtoo..., se:cdpVersion: 111.0.1661.62, setWindowRect: true, strictFileInteractability: false, timeouts: {implicit: 0, pageLoad: 300000, script: 30000}, unhandledPromptBehavior: dismiss and notify, webauthn:extension:credBlob: true, webauthn:extension:largeBlob: true, webauthn:extension:minPinLength: true, webauthn:extension:prf: true, webauthn:virtualAuthenticators: true}
Session ID: b9f686c10d3a3150ade594dc36d9c3ac
	at java.base/jdk.internal.reflect.NativeConstructorAccessorImpl.newInstance0(Native Method)
	at java.base/jdk.internal.reflect.NativeConstructorAccessorImpl.newInstance(NativeConstructorAccessorImpl.java:77)
	at java.base/jdk.internal.reflect.DelegatingConstructorAccessorImpl.newInstance(DelegatingConstructorAccessorImpl.java:45)
	at java.base/java.lang.reflect.Constructor.newInstanceWithCaller(Constructor.java:499)
	at java.base/java.lang.reflect.Constructor.newInstance(Constructor.java:480)
	at org.openqa.selenium.remote.codec.w3c.W3CHttpResponseCodec.createException(W3CHttpResponseCodec.java:200)
	at org.openqa.selenium.remote.codec.w3c.W3CHttpResponseCodec.decode(W3CHttpResponseCodec.java:133)
	at org.openqa.selenium.remote.codec.w3c.W3CHttpResponseCodec.decode(W3CHttpResponseCodec.java:53)
	at org.openqa.selenium.remote.HttpCommandExecutor.execute(HttpCommandExecutor.java:193)
	at org.openqa.selenium.remote.service.DriverCommandExecutor.invokeExecute(DriverCommandExecutor.java:183)
	at org.openqa.selenium.remote.service.DriverCommandExecutor.execute(DriverCommandExecutor.java:158)
	at org.openqa.selenium.remote.RemoteWebDriver.execute(RemoteWebDriver.java:543)
	at org.openqa.selenium.remote.ElementLocation$ElementFinder$2.findElement(ElementLocation.java:162)
	at org.openqa.selenium.remote.ElementLocation.findElement(ElementLocation.java:60)
	at org.openqa.selenium.remote.RemoteWebDriver.findElement(RemoteWebDriver.java:352)
	at org.openqa.selenium.remote.RemoteWebDriver.findElement(RemoteWebDriver.java:344)
	at org.openqa.selenium.support.pagefactory.DefaultElementLocator.findElement(DefaultElementLocator.java:70)
	at org.openqa.selenium.support.pagefactory.internal.LocatingElementHandler.invoke(LocatingElementHandler.java:39)
	at jdk.proxy2/jdk.proxy2.$Proxy13.sendKeys(Unknown Source)
	at oper_test.page.MainPage.searchByCondition(MainPage.java:26)
	at oper_test.test.SiteSearchTest.enterEmptyQuery(SiteSearchTest.java:33)
</failure>
    <system-out>Configuring TestNG with: org.apache.maven.surefire.testng.conf.TestNG652Configurator@61dc03ce
</system-out>
    <system-err>SLF4J: Failed to load class &quot;org.slf4j.impl.StaticLoggerBinder&quot;.
SLF4J: Defaulting to no-operation (NOP) logger implementation
SLF4J: See http://www.slf4j.org/codes.html#StaticLoggerBinder for further details.
Starting Microsoft Edge WebDriver 111.0.1661.62 (0a8f453929e6410c973aa529a40485ce4e3e03db) on port 10975
To submit feedback, report a bug, or suggest new features, please visit https://github.com/MicrosoftEdge/EdgeWebDriver

Only local connections are allowed.
Please see https://aka.ms/WebDriverSecurity for suggestions on keeping Microsoft Edge WebDriver safe.

Microsoft Edge WebDriver was started successfully.
</system-err>
  </testcase>
</testsuite>