<?xml version="1.0" encoding="UTF-8"?>
<testng-results ignored="0" total="6" passed="6" failed="0" skipped="0">
  <reporter-output>
  </reporter-output>
  <suite started-at="2023-04-07T22:17:36 YEKT" name="Command line suite" finished-at="2023-04-07T22:20:46 YEKT" duration-ms="190585">
    <groups>
    </groups>
    <test started-at="2023-04-07T22:17:36 YEKT" name="Command line test" finished-at="2023-04-07T22:20:46 YEKT" duration-ms="190585">
      <class name="oper_test.test.SiteSearchTest">
        <test-method is-config="true" signature="browserSetup()[pri:0, instance:oper_test.test.SiteSearchTest@23282c25]" started-at="2023-04-07T22:19:18 YEKT" name="browserSetup" finished-at="2023-04-07T22:19:19 YEKT" duration-ms="931" status="PASS">
          <reporter-output>
          </reporter-output>
        </test-method> <!-- browserSetup -->
        <test-method signature="enterEmptyQuery()[pri:0, instance:oper_test.test.SiteSearchTest@23282c25]" started-at="2023-04-07T22:19:19 YEKT" name="enterEmptyQuery" finished-at="2023-04-07T22:20:16 YEKT" duration-ms="56960" status="PASS">
          <reporter-output>
          </reporter-output>
        </test-method> <!-- enterEmptyQuery -->
        <test-method is-config="true" signature="browserClosed()[pri:0, instance:oper_test.test.SiteSearchTest@23282c25]" started-at="2023-04-07T22:20:16 YEKT" name="browserClosed" finished-at="2023-04-07T22:20:17 YEKT" duration-ms="289" status="PASS">
          <reporter-output>
          </reporter-output>
        </test-method> <!-- browserClosed -->
        <test-method is-config="true" signature="browserSetup()[pri:0, instance:oper_test.test.SiteSearchTest@23282c25]" started-at="2023-04-07T22:20:17 YEKT" name="browserSetup" finished-at="2023-04-07T22:20:18 YEKT" duration-ms="951" status="PASS">
          <reporter-output>
          </reporter-output>
        </test-method> <!-- browserSetup -->
        <test-method signature="getCountSearchResults()[pri:0, instance:oper_test.test.SiteSearchTest@23282c25]" started-at="2023-04-07T22:20:18 YEKT" name="getCountSearchResults" finished-at="2023-04-07T22:20:46 YEKT" duration-ms="28420" status="PASS">
          <reporter-output>
          </reporter-output>
        </test-method> <!-- getCountSearchResults -->
        <test-method is-config="true" signature="browserClosed()[pri:0, instance:oper_test.test.SiteSearchTest@23282c25]" started-at="2023-04-07T22:20:46 YEKT" name="browserClosed" finished-at="2023-04-07T22:20:46 YEKT" duration-ms="225" status="PASS">
          <reporter-output>
          </reporter-output>
        </test-method> <!-- browserClosed -->
      </class> <!-- oper_test.test.SiteSearchTest -->
      <class name="oper_test.test.SiteAccessTest">
        <test-method signature="requestSiteAvailability()[pri:0, instance:oper_test.test.SiteAccessTest@1a84f40f]" started-at="2023-04-07T22:19:18 YEKT" name="requestSiteAvailability" finished-at="2023-04-07T22:19:18 YEKT" duration-ms="437" status="PASS">
          <reporter-output>
          </reporter-output>
        </test-method> <!-- requestSiteAvailability -->
      </class> <!-- oper_test.test.SiteAccessTest -->
      <class name="oper_test.test.RedirectionLinksTest">
        <test-method is-config="true" signature="browserSetup()[pri:0, instance:oper_test.test.RedirectionLinksTest@482cd91f]" started-at="2023-04-07T22:17:36 YEKT" name="browserSetup" finished-at="2023-04-07T22:17:38 YEKT" duration-ms="2201" status="PASS">
          <reporter-output>
          </reporter-output>
        </test-method> <!-- browserSetup -->
        <test-method signature="switchRutubeLink()[pri:0, instance:oper_test.test.RedirectionLinksTest@482cd91f]" started-at="2023-04-07T22:17:38 YEKT" name="switchRutubeLink" finished-at="2023-04-07T22:18:10 YEKT" duration-ms="31948" status="PASS">
          <reporter-output>
          </reporter-output>
        </test-method> <!-- switchRutubeLink -->
        <test-method is-config="true" signature="browserClosed()[pri:0, instance:oper_test.test.RedirectionLinksTest@482cd91f]" started-at="2023-04-07T22:18:10 YEKT" name="browserClosed" finished-at="2023-04-07T22:18:10 YEKT" duration-ms="301" status="PASS">
          <reporter-output>
          </reporter-output>
        </test-method> <!-- browserClosed -->
        <test-method is-config="true" signature="browserSetup()[pri:0, instance:oper_test.test.RedirectionLinksTest@482cd91f]" started-at="2023-04-07T22:18:10 YEKT" name="browserSetup" finished-at="2023-04-07T22:18:11 YEKT" duration-ms="1010" status="PASS">
          <reporter-output>
          </reporter-output>
        </test-method> <!-- browserSetup -->
        <test-method signature="switchTelegramLink()[pri:0, instance:oper_test.test.RedirectionLinksTest@482cd91f]" started-at="2023-04-07T22:18:11 YEKT" name="switchTelegramLink" finished-at="2023-04-07T22:18:40 YEKT" duration-ms="28893" status="PASS">
          <reporter-output>
          </reporter-output>
        </test-method> <!-- switchTelegramLink -->
        <test-method is-config="true" signature="browserClosed()[pri:0, instance:oper_test.test.RedirectionLinksTest@482cd91f]" started-at="2023-04-07T22:18:40 YEKT" name="browserClosed" finished-at="2023-04-07T22:18:40 YEKT" duration-ms="446" status="PASS">
          <reporter-output>
          </reporter-output>
        </test-method> <!-- browserClosed -->
        <test-method is-config="true" signature="browserSetup()[pri:0, instance:oper_test.test.RedirectionLinksTest@482cd91f]" started-at="2023-04-07T22:18:40 YEKT" name="browserSetup" finished-at="2023-04-07T22:18:42 YEKT" duration-ms="1110" status="PASS">
          <reporter-output>
          </reporter-output>
        </test-method> <!-- browserSetup -->
        <test-method signature="switchVkontakteLink()[pri:0, instance:oper_test.test.RedirectionLinksTest@482cd91f]" started-at="2023-04-07T22:18:42 YEKT" name="switchVkontakteLink" finished-at="2023-04-07T22:19:18 YEKT" duration-ms="36145" status="PASS">
          <reporter-output>
          </reporter-output>
        </test-method> <!-- switchVkontakteLink -->
        <test-method is-config="true" signature="browserClosed()[pri:0, instance:oper_test.test.RedirectionLinksTest@482cd91f]" started-at="2023-04-07T22:19:18 YEKT" name="browserClosed" finished-at="2023-04-07T22:19:18 YEKT" duration-ms="274" status="PASS">
          <reporter-output>
          </reporter-output>
        </test-method> <!-- browserClosed -->
      </class> <!-- oper_test.test.RedirectionLinksTest -->
    </test> <!-- Command line test -->
  </suite> <!-- Command line suite -->
</testng-results>
